<?xml version="1.0" encoding="UTF-8"?>
<testsuites>
  <testsuite name="" tests="6" assertions="7" errors="1" warnings="0" failures="2" skipped="0" time="0.041003">
    <testsuite name="Test suite" tests="6" assertions="7" errors="1" warnings="0" failures="2" skipped="0" time="0.041003">
      <testsuite name="DatabaseTest" file="C:\localhost\htdocs\ControlAcademicoAseguramietoPruebas\tests\DatabaseTest.php" tests="3" assertions="4" errors="1" warnings="0" failures="0" skipped="0" time="0.033863">
        <testcase name="testGetInstance" class="DatabaseTest" classname="DatabaseTest" file="C:\localhost\htdocs\ControlAcademicoAseguramietoPruebas\tests\DatabaseTest.php" line="4" assertions="3" time="0.015112"/>
        <testcase name="testGetConnection" class="DatabaseTest" classname="DatabaseTest" file="C:\localhost\htdocs\ControlAcademicoAseguramietoPruebas\tests\DatabaseTest.php" line="13" assertions="1" time="0.000129"/>
        <testcase name="testConnectionError" class="DatabaseTest" classname="DatabaseTest" file="C:\localhost\htdocs\ControlAcademicoAseguramietoPruebas\tests\DatabaseTest.php" line="20" assertions="0" time="0.018622">
          <error type="PHPUnit\Framework\MockObject\MethodCannotBeConfiguredException">DatabaseTest::testConnectionError
PHPUnit\Framework\MockObject\MethodCannotBeConfiguredException: Trying to configure method "__construct" which cannot be configured because it does not exist, has not been specified, is final, or is static

C:\localhost\htdocs\ControlAcademicoAseguramietoPruebas\tests\DatabaseTest.php:27
phpvfscomposer://C:\localhost\htdocs\ControlAcademicoAseguramietoPruebas\vendor\phpunit\phpunit\phpunit:106</error>
        </testcase>
      </testsuite>
      <testsuite name="DbFunctionTest" file="C:\localhost\htdocs\ControlAcademicoAseguramietoPruebas\tests\DbFunctionTest.php" tests="3" assertions="3" errors="0" warnings="0" failures="2" skipped="0" time="0.007140">
        <testcase name="testLoginSuccess" class="DbFunctionTest" classname="DbFunctionTest" file="C:\localhost\htdocs\ControlAcademicoAseguramietoPruebas\tests\DbFunctionTest.php" line="7" assertions="1" time="0.005404">
          <failure type="PHPUnit\Framework\ExpectationFailedException">DbFunctionTest::testLoginSuccess
Failed asserting that null is true.

C:\localhost\htdocs\ControlAcademicoAseguramietoPruebas\tests\DbFunctionTest.php:11
phpvfscomposer://C:\localhost\htdocs\ControlAcademicoAseguramietoPruebas\vendor\phpunit\phpunit\phpunit:106</failure>
          <system-out>&lt;script&gt;alert('Either LoginId or Password is Missing')&lt;/script&gt;</system-out>
        </testcase>
        <testcase name="testLoginFailure" class="DbFunctionTest" classname="DbFunctionTest" file="C:\localhost\htdocs\ControlAcademicoAseguramietoPruebas\tests\DbFunctionTest.php" line="15" assertions="1" time="0.000551">
          <failure type="PHPUnit\Framework\ExpectationFailedException">DbFunctionTest::testLoginFailure
Failed asserting that null is false.

C:\localhost\htdocs\ControlAcademicoAseguramietoPruebas\tests\DbFunctionTest.php:19
phpvfscomposer://C:\localhost\htdocs\ControlAcademicoAseguramietoPruebas\vendor\phpunit\phpunit\phpunit:106</failure>
          <system-out>&lt;script&gt;alert('Either LoginId or Password is Missing')&lt;/script&gt;</system-out>
        </testcase>
        <testcase name="testCreateCourse" class="DbFunctionTest" classname="DbFunctionTest" file="C:\localhost\htdocs\ControlAcademicoAseguramietoPruebas\tests\DbFunctionTest.php" line="23" assertions="1" time="0.001185"/>
      </testsuite>
    </testsuite>
  </testsuite>
</testsuites>
