<?xml version="1.0" encoding="UTF-8"?>
<testsuites>
  <testsuite name="" tests="3" assertions="1" errors="2" warnings="0" failures="1" skipped="0" time="0.149191">
    <testsuite name="Test suite" tests="3" assertions="1" errors="2" warnings="0" failures="1" skipped="0" time="0.149191">
      <testsuite name="DatabaseTest" file="C:\localhost\htdocs\ControlAcademicoAseguramietoPruebas\tests\DatabaseTest.php" tests="3" assertions="1" errors="2" warnings="0" failures="1" skipped="0" time="0.149191">
        <testcase name="testGetInstance" class="DatabaseTest" classname="DatabaseTest" file="C:\localhost\htdocs\ControlAcademicoAseguramietoPruebas\tests\DatabaseTest.php" line="4" assertions="0" time="0.038281">
          <error type="Error">DatabaseTest::testGetInstance
Error: Class 'Database' not found

C:\localhost\htdocs\ControlAcademicoAseguramietoPruebas\tests\DatabaseTest.php:5
phpvfscomposer://C:\localhost\htdocs\ControlAcademicoAseguramietoPruebas\vendor\phpunit\phpunit\phpunit:106</error>
        </testcase>
        <testcase name="testGetConnection" class="DatabaseTest" classname="DatabaseTest" file="C:\localhost\htdocs\ControlAcademicoAseguramietoPruebas\tests\DatabaseTest.php" line="13" assertions="0" time="0.000128">
          <error type="Error">DatabaseTest::testGetConnection
Error: Class 'Database' not found

C:\localhost\htdocs\ControlAcademicoAseguramietoPruebas\tests\DatabaseTest.php:14
phpvfscomposer://C:\localhost\htdocs\ControlAcademicoAseguramietoPruebas\vendor\phpunit\phpunit\phpunit:106</error>
        </testcase>
        <testcase name="testConnectionError" class="DatabaseTest" classname="DatabaseTest" file="C:\localhost\htdocs\ControlAcademicoAseguramietoPruebas\tests\DatabaseTest.php" line="20" assertions="1" time="0.110783">
          <failure type="PHPUnit\Framework\ExpectationFailedException">DatabaseTest::testConnectionError
Failed asserting that exception of type "Error" matches expected exception "Exception". Message was: "Call to undefined method Mock_Database_591c6516::getConnection()" at
C:\localhost\htdocs\ControlAcademicoAseguramietoPruebas\tests\DatabaseTest.php:31
phpvfscomposer://C:\localhost\htdocs\ControlAcademicoAseguramietoPruebas\vendor\phpunit\phpunit\phpunit:106
.

phpvfscomposer://C:\localhost\htdocs\ControlAcademicoAseguramietoPruebas\vendor\phpunit\phpunit\phpunit:106</failure>
        </testcase>
      </testsuite>
    </testsuite>
  </testsuite>
</testsuites>
